## SLURM PROLOG ###############################################################
##    Job ID : 11188155
##  Job Name : installation
##  Nodelist : gpu1403
##      CPUs : 
##  Mem/Node : 16384 MB
## Directory : /oscar/scratch/aagar133/cuda
##   Job Started : Sun Apr 27 11:36:01 PM EDT 2025
###############################################################################
-- ----------------------------------------------------
-- --------------- Configuring NanoVDB ----------------
-- ----------------------------------------------------
-- ----------------------------------------------------
-- --------- Configuring NanoVDB Cmd Tools ------------
-- ----------------------------------------------------
-- Configuring done (0.1s)
-- Generating done (0.2s)
-- Build files have been written to: /users/aagar133/scratch/cuda/openvdb/nanovdb/nanovdb/build
[100%] Built target nanovdb_validate
[100%] Built target nanovdb_print
[ 50%] Built target nanovdb_print
[100%] Built target nanovdb_validate
Install the project...
-- Install configuration: ""
All files processed!
